23:18:55.920 [main] INFO  api.test.UserTests - ******** Creating user *********
23:19:03.062 [main] INFO  api.test.UserTests - ******** User is created *********
23:19:03.100 [main] INFO  api.test.UserTests - ******** Reading user info *********
23:19:04.336 [main] INFO  api.test.UserTests - ******** User info is displayed *********
23:19:04.349 [main] INFO  api.test.UserTests - ******** Updating user info *********
23:19:06.747 [main] INFO  api.test.UserTests - ******** user is upadted *********
23:19:06.752 [main] INFO  api.test.UserTests - ******** Deleting user info *********
23:19:07.997 [main] INFO  api.test.UserTests - ******** user is deleted *********
23:21:03.952 [main] INFO  api.test.UserTests - ******** Creating user *********
23:21:10.320 [main] INFO  api.test.UserTests - ******** User is created *********
23:21:10.359 [main] INFO  api.test.UserTests - ******** Reading user info *********
23:21:11.714 [main] INFO  api.test.UserTests - ******** User info is displayed *********
23:21:11.727 [main] INFO  api.test.UserTests - ******** Updating user info *********
23:21:14.545 [main] INFO  api.test.UserTests - ******** user is upadted *********
23:21:14.554 [main] INFO  api.test.UserTests - ******** Deleting user info *********
23:21:15.678 [main] INFO  api.test.UserTests - ******** user is deleted *********
23:25:29.394 [main] INFO  api.test.UserTests - ******** Creating user *********
23:25:35.546 [main] INFO  api.test.UserTests - ******** User is created *********
23:25:35.593 [main] INFO  api.test.UserTests - ******** Reading user info *********
23:25:36.916 [main] INFO  api.test.UserTests - ******** User info is displayed *********
23:25:36.932 [main] INFO  api.test.UserTests - ******** Updating user info *********
23:25:39.392 [main] INFO  api.test.UserTests - ******** user is upadted *********
23:25:39.411 [main] INFO  api.test.UserTests - ******** Deleting user info *********
23:25:40.722 [main] INFO  api.test.UserTests - ******** user is deleted *********
23:28:36.926 [main] INFO  api.test.UserTests - ******** Creating user *********
23:28:36.942 [main] DEBUG api.test.UserTests - debugging
23:28:43.383 [main] INFO  api.test.UserTests - ******** User is created *********
23:28:43.413 [main] INFO  api.test.UserTests - ******** Reading user info *********
23:28:43.414 [main] DEBUG api.test.UserTests - debugging
23:28:44.724 [main] INFO  api.test.UserTests - ******** User info is displayed *********
23:28:44.738 [main] INFO  api.test.UserTests - ******** Updating user info *********
23:28:44.738 [main] DEBUG api.test.UserTests - debugging
23:28:47.313 [main] INFO  api.test.UserTests - ******** user is upadted *********
23:28:47.337 [main] INFO  api.test.UserTests - ******** Deleting user info *********
23:28:47.338 [main] DEBUG api.test.UserTests - debugging
23:28:48.428 [main] INFO  api.test.UserTests - ******** user is deleted *********
23:34:27.512 [main] INFO  api.test.UserTests - ******** Creating user *********
23:34:27.521 [main] DEBUG api.test.UserTests - debugging
23:34:33.206 [main] INFO  api.test.UserTests - ******** User is created *********
23:34:33.259 [main] INFO  api.test.UserTests - ******** Reading user info *********
23:34:33.260 [main] DEBUG api.test.UserTests - debugging
23:34:34.769 [main] INFO  api.test.UserTests - ******** User info is displayed *********
23:34:34.803 [main] INFO  api.test.UserTests - ******** Updating user info *********
23:34:34.803 [main] DEBUG api.test.UserTests - debugging
23:34:37.431 [main] INFO  api.test.UserTests - ******** user is upadted *********
23:34:37.465 [main] INFO  api.test.UserTests - ******** Deleting user info *********
23:34:37.466 [main] DEBUG api.test.UserTests - debugging
23:34:38.855 [main] INFO  api.test.UserTests - ******** user is deleted *********
23:39:56.421 [main] INFO  api.test.UserTests - ******** Creating user *********
23:39:56.431 [main] DEBUG api.test.UserTests - debugging
23:40:02.549 [main] INFO  api.test.UserTests - ******** User is created *********
23:40:02.598 [main] INFO  api.test.UserTests - ******** Reading user info *********
23:40:02.600 [main] DEBUG api.test.UserTests - debugging
23:40:03.954 [main] INFO  api.test.UserTests - ******** User info is displayed *********
23:40:03.965 [main] INFO  api.test.UserTests - ******** Updating user info *********
23:40:03.965 [main] DEBUG api.test.UserTests - debugging
23:40:06.549 [main] INFO  api.test.UserTests - ******** user is upadted *********
23:40:06.571 [main] INFO  api.test.UserTests - ******** Deleting user info *********
23:40:06.575 [main] DEBUG api.test.UserTests - debugging
23:40:07.871 [main] INFO  api.test.UserTests - ******** user is deleted *********
23:49:57.371 [main] INFO  api.test.UserTests - ******** Creating user *********
23:49:57.379 [main] DEBUG api.test.UserTests - debugging
23:50:07.295 [main] INFO  api.test.UserTests - ******** User is created *********
23:50:07.347 [main] INFO  api.test.UserTests - ******** Reading user info *********
23:50:07.353 [main] DEBUG api.test.UserTests - debugging
23:50:08.774 [main] INFO  api.test.UserTests - ******** User info is displayed *********
23:50:08.795 [main] INFO  api.test.UserTests - ******** Updating user info *********
23:50:08.796 [main] DEBUG api.test.UserTests - debugging
23:50:11.672 [main] INFO  api.test.UserTests - ******** user is upadted *********
23:50:11.691 [main] INFO  api.test.UserTests - ******** Deleting user info *********
23:50:11.691 [main] DEBUG api.test.UserTests - debugging
23:50:13.043 [main] INFO  api.test.UserTests - ******** user is deleted *********
00:46:19.774 [main] INFO  api.test.UserTests2 - ******** Creating user *********
00:46:19.777 [main] DEBUG api.test.UserTests2 - debugging
00:46:24.987 [main] INFO  api.test.UserTests2 - ******** User is created *********
00:46:25.027 [main] INFO  api.test.UserTests2 - ******** Reading user info *********
00:46:25.032 [main] DEBUG api.test.UserTests2 - debugging
00:46:26.469 [main] INFO  api.test.UserTests2 - ******** User info is displayed *********
00:46:26.476 [main] INFO  api.test.UserTests2 - ******** Updating user info *********
00:46:26.477 [main] DEBUG api.test.UserTests2 - debugging
00:46:29.152 [main] INFO  api.test.UserTests2 - ******** user is updated *********
00:46:29.168 [main] INFO  api.test.UserTests2 - ******** Deleting user info *********
00:46:29.168 [main] DEBUG api.test.UserTests2 - debugging
00:46:30.389 [main] INFO  api.test.UserTests2 - ******** user is deleted *********
00:57:43.012 [main] DEBUG org.apache.poi.openxml4j.opc.PackageRelationshipCollection - Parsing relationship: /xl/_rels/workbook.xml.rels
00:57:43.030 [main] DEBUG org.apache.poi.openxml4j.opc.PackageRelationshipCollection - Parsing relationship: /xl/worksheets/_rels/sheet1.xml.rels
00:57:43.038 [main] DEBUG org.apache.poi.openxml4j.opc.PackageRelationshipCollection - Parsing relationship: /_rels/.rels
00:57:44.297 [main] DEBUG org.apache.poi.openxml4j.opc.PackageRelationshipCollection - Parsing relationship: /xl/_rels/workbook.xml.rels
00:57:44.304 [main] DEBUG org.apache.poi.openxml4j.opc.PackageRelationshipCollection - Parsing relationship: /xl/worksheets/_rels/sheet1.xml.rels
00:57:44.307 [main] DEBUG org.apache.poi.openxml4j.opc.PackageRelationshipCollection - Parsing relationship: /_rels/.rels
00:57:44.415 [main] DEBUG org.apache.poi.openxml4j.opc.PackageRelationshipCollection - Parsing relationship: /xl/_rels/workbook.xml.rels
00:57:44.445 [main] DEBUG org.apache.poi.openxml4j.opc.PackageRelationshipCollection - Parsing relationship: /xl/worksheets/_rels/sheet1.xml.rels
00:57:44.456 [main] DEBUG org.apache.poi.openxml4j.opc.PackageRelationshipCollection - Parsing relationship: /_rels/.rels
00:57:44.708 [main] DEBUG org.apache.poi.openxml4j.opc.PackageRelationshipCollection - Parsing relationship: /xl/_rels/workbook.xml.rels
00:57:44.710 [main] DEBUG org.apache.poi.openxml4j.opc.PackageRelationshipCollection - Parsing relationship: /xl/worksheets/_rels/sheet1.xml.rels
00:57:44.712 [main] DEBUG org.apache.poi.openxml4j.opc.PackageRelationshipCollection - Parsing relationship: /_rels/.rels
00:57:44.810 [main] DEBUG org.apache.poi.openxml4j.opc.PackageRelationshipCollection - Parsing relationship: /xl/_rels/workbook.xml.rels
00:57:44.812 [main] DEBUG org.apache.poi.openxml4j.opc.PackageRelationshipCollection - Parsing relationship: /xl/worksheets/_rels/sheet1.xml.rels
00:57:44.815 [main] DEBUG org.apache.poi.openxml4j.opc.PackageRelationshipCollection - Parsing relationship: /_rels/.rels
00:57:44.910 [main] DEBUG org.apache.poi.openxml4j.opc.PackageRelationshipCollection - Parsing relationship: /xl/_rels/workbook.xml.rels
00:57:44.913 [main] DEBUG org.apache.poi.openxml4j.opc.PackageRelationshipCollection - Parsing relationship: /xl/worksheets/_rels/sheet1.xml.rels
00:57:44.915 [main] DEBUG org.apache.poi.openxml4j.opc.PackageRelationshipCollection - Parsing relationship: /_rels/.rels
00:57:45.016 [main] DEBUG org.apache.poi.openxml4j.opc.PackageRelationshipCollection - Parsing relationship: /xl/_rels/workbook.xml.rels
00:57:45.023 [main] DEBUG org.apache.poi.openxml4j.opc.PackageRelationshipCollection - Parsing relationship: /xl/worksheets/_rels/sheet1.xml.rels
00:57:45.025 [main] DEBUG org.apache.poi.openxml4j.opc.PackageRelationshipCollection - Parsing relationship: /_rels/.rels
00:57:45.126 [main] DEBUG org.apache.poi.openxml4j.opc.PackageRelationshipCollection - Parsing relationship: /xl/_rels/workbook.xml.rels
00:57:45.128 [main] DEBUG org.apache.poi.openxml4j.opc.PackageRelationshipCollection - Parsing relationship: /xl/worksheets/_rels/sheet1.xml.rels
00:57:45.130 [main] DEBUG org.apache.poi.openxml4j.opc.PackageRelationshipCollection - Parsing relationship: /_rels/.rels
00:57:45.215 [main] DEBUG org.apache.poi.openxml4j.opc.PackageRelationshipCollection - Parsing relationship: /xl/_rels/workbook.xml.rels
00:57:45.219 [main] DEBUG org.apache.poi.openxml4j.opc.PackageRelationshipCollection - Parsing relationship: /xl/worksheets/_rels/sheet1.xml.rels
00:57:45.221 [main] DEBUG org.apache.poi.openxml4j.opc.PackageRelationshipCollection - Parsing relationship: /_rels/.rels
00:57:45.308 [main] DEBUG org.apache.poi.openxml4j.opc.PackageRelationshipCollection - Parsing relationship: /xl/_rels/workbook.xml.rels
00:57:45.310 [main] DEBUG org.apache.poi.openxml4j.opc.PackageRelationshipCollection - Parsing relationship: /xl/worksheets/_rels/sheet1.xml.rels
00:57:45.312 [main] DEBUG org.apache.poi.openxml4j.opc.PackageRelationshipCollection - Parsing relationship: /_rels/.rels
00:57:45.391 [main] DEBUG org.apache.poi.openxml4j.opc.PackageRelationshipCollection - Parsing relationship: /xl/_rels/workbook.xml.rels
00:57:45.392 [main] DEBUG org.apache.poi.openxml4j.opc.PackageRelationshipCollection - Parsing relationship: /xl/worksheets/_rels/sheet1.xml.rels
00:57:45.393 [main] DEBUG org.apache.poi.openxml4j.opc.PackageRelationshipCollection - Parsing relationship: /_rels/.rels
00:57:45.537 [main] DEBUG org.apache.poi.openxml4j.opc.PackageRelationshipCollection - Parsing relationship: /xl/_rels/workbook.xml.rels
00:57:45.539 [main] DEBUG org.apache.poi.openxml4j.opc.PackageRelationshipCollection - Parsing relationship: /xl/worksheets/_rels/sheet1.xml.rels
00:57:45.561 [main] DEBUG org.apache.poi.openxml4j.opc.PackageRelationshipCollection - Parsing relationship: /_rels/.rels
00:57:45.624 [main] DEBUG org.apache.poi.openxml4j.opc.PackageRelationshipCollection - Parsing relationship: /xl/_rels/workbook.xml.rels
00:57:45.626 [main] DEBUG org.apache.poi.openxml4j.opc.PackageRelationshipCollection - Parsing relationship: /xl/worksheets/_rels/sheet1.xml.rels
00:57:45.627 [main] DEBUG org.apache.poi.openxml4j.opc.PackageRelationshipCollection - Parsing relationship: /_rels/.rels
00:57:45.698 [main] DEBUG org.apache.poi.openxml4j.opc.PackageRelationshipCollection - Parsing relationship: /xl/_rels/workbook.xml.rels
00:57:45.699 [main] DEBUG org.apache.poi.openxml4j.opc.PackageRelationshipCollection - Parsing relationship: /xl/worksheets/_rels/sheet1.xml.rels
00:57:45.707 [main] DEBUG org.apache.poi.openxml4j.opc.PackageRelationshipCollection - Parsing relationship: /_rels/.rels
00:57:45.792 [main] DEBUG org.apache.poi.openxml4j.opc.PackageRelationshipCollection - Parsing relationship: /xl/_rels/workbook.xml.rels
00:57:45.793 [main] DEBUG org.apache.poi.openxml4j.opc.PackageRelationshipCollection - Parsing relationship: /xl/worksheets/_rels/sheet1.xml.rels
00:57:45.794 [main] DEBUG org.apache.poi.openxml4j.opc.PackageRelationshipCollection - Parsing relationship: /_rels/.rels
00:57:45.844 [main] DEBUG org.apache.poi.openxml4j.opc.PackageRelationshipCollection - Parsing relationship: /xl/_rels/workbook.xml.rels
00:57:45.845 [main] DEBUG org.apache.poi.openxml4j.opc.PackageRelationshipCollection - Parsing relationship: /xl/worksheets/_rels/sheet1.xml.rels
00:57:45.847 [main] DEBUG org.apache.poi.openxml4j.opc.PackageRelationshipCollection - Parsing relationship: /_rels/.rels
00:57:45.889 [main] DEBUG org.apache.poi.openxml4j.opc.PackageRelationshipCollection - Parsing relationship: /xl/_rels/workbook.xml.rels
00:57:45.890 [main] DEBUG org.apache.poi.openxml4j.opc.PackageRelationshipCollection - Parsing relationship: /xl/worksheets/_rels/sheet1.xml.rels
00:57:45.892 [main] DEBUG org.apache.poi.openxml4j.opc.PackageRelationshipCollection - Parsing relationship: /_rels/.rels
00:57:45.971 [main] DEBUG org.apache.poi.openxml4j.opc.PackageRelationshipCollection - Parsing relationship: /xl/_rels/workbook.xml.rels
00:57:45.973 [main] DEBUG org.apache.poi.openxml4j.opc.PackageRelationshipCollection - Parsing relationship: /xl/worksheets/_rels/sheet1.xml.rels
00:57:45.975 [main] DEBUG org.apache.poi.openxml4j.opc.PackageRelationshipCollection - Parsing relationship: /_rels/.rels
00:57:46.071 [main] DEBUG org.apache.poi.openxml4j.opc.PackageRelationshipCollection - Parsing relationship: /xl/_rels/workbook.xml.rels
00:57:46.085 [main] DEBUG org.apache.poi.openxml4j.opc.PackageRelationshipCollection - Parsing relationship: /xl/worksheets/_rels/sheet1.xml.rels
00:57:46.087 [main] DEBUG org.apache.poi.openxml4j.opc.PackageRelationshipCollection - Parsing relationship: /_rels/.rels
00:57:46.191 [main] DEBUG org.apache.poi.openxml4j.opc.PackageRelationshipCollection - Parsing relationship: /xl/_rels/workbook.xml.rels
00:57:46.192 [main] DEBUG org.apache.poi.openxml4j.opc.PackageRelationshipCollection - Parsing relationship: /xl/worksheets/_rels/sheet1.xml.rels
00:57:46.193 [main] DEBUG org.apache.poi.openxml4j.opc.PackageRelationshipCollection - Parsing relationship: /_rels/.rels
00:57:46.234 [main] DEBUG org.apache.poi.openxml4j.opc.PackageRelationshipCollection - Parsing relationship: /xl/_rels/workbook.xml.rels
00:57:46.238 [main] DEBUG org.apache.poi.openxml4j.opc.PackageRelationshipCollection - Parsing relationship: /xl/worksheets/_rels/sheet1.xml.rels
00:57:46.240 [main] DEBUG org.apache.poi.openxml4j.opc.PackageRelationshipCollection - Parsing relationship: /_rels/.rels
00:57:46.302 [main] DEBUG org.apache.poi.openxml4j.opc.PackageRelationshipCollection - Parsing relationship: /xl/_rels/workbook.xml.rels
00:57:46.304 [main] DEBUG org.apache.poi.openxml4j.opc.PackageRelationshipCollection - Parsing relationship: /xl/worksheets/_rels/sheet1.xml.rels
00:57:46.309 [main] DEBUG org.apache.poi.openxml4j.opc.PackageRelationshipCollection - Parsing relationship: /_rels/.rels
00:57:46.361 [main] DEBUG org.apache.poi.openxml4j.opc.PackageRelationshipCollection - Parsing relationship: /xl/_rels/workbook.xml.rels
00:57:46.362 [main] DEBUG org.apache.poi.openxml4j.opc.PackageRelationshipCollection - Parsing relationship: /xl/worksheets/_rels/sheet1.xml.rels
00:57:46.363 [main] DEBUG org.apache.poi.openxml4j.opc.PackageRelationshipCollection - Parsing relationship: /_rels/.rels
00:57:54.624 [main] DEBUG org.apache.poi.openxml4j.opc.PackageRelationshipCollection - Parsing relationship: /xl/_rels/workbook.xml.rels
00:57:54.626 [main] DEBUG org.apache.poi.openxml4j.opc.PackageRelationshipCollection - Parsing relationship: /xl/worksheets/_rels/sheet1.xml.rels
00:57:54.627 [main] DEBUG org.apache.poi.openxml4j.opc.PackageRelationshipCollection - Parsing relationship: /_rels/.rels
00:57:54.663 [main] DEBUG org.apache.poi.openxml4j.opc.PackageRelationshipCollection - Parsing relationship: /xl/_rels/workbook.xml.rels
00:57:54.668 [main] DEBUG org.apache.poi.openxml4j.opc.PackageRelationshipCollection - Parsing relationship: /xl/worksheets/_rels/sheet1.xml.rels
00:57:54.669 [main] DEBUG org.apache.poi.openxml4j.opc.PackageRelationshipCollection - Parsing relationship: /_rels/.rels
00:57:54.703 [main] DEBUG org.apache.poi.openxml4j.opc.PackageRelationshipCollection - Parsing relationship: /xl/_rels/workbook.xml.rels
00:57:54.704 [main] DEBUG org.apache.poi.openxml4j.opc.PackageRelationshipCollection - Parsing relationship: /xl/worksheets/_rels/sheet1.xml.rels
00:57:54.706 [main] DEBUG org.apache.poi.openxml4j.opc.PackageRelationshipCollection - Parsing relationship: /_rels/.rels
00:57:54.794 [main] DEBUG org.apache.poi.openxml4j.opc.PackageRelationshipCollection - Parsing relationship: /xl/_rels/workbook.xml.rels
00:57:54.795 [main] DEBUG org.apache.poi.openxml4j.opc.PackageRelationshipCollection - Parsing relationship: /xl/worksheets/_rels/sheet1.xml.rels
00:57:54.796 [main] DEBUG org.apache.poi.openxml4j.opc.PackageRelationshipCollection - Parsing relationship: /_rels/.rels
00:57:59.008 [main] INFO  api.test.UserTests - ******** Creating user *********
00:57:59.008 [main] DEBUG api.test.UserTests - debugging
00:58:00.481 [main] INFO  api.test.UserTests - ******** User is created *********
00:58:00.486 [main] INFO  api.test.UserTests - ******** Reading user info *********
00:58:00.487 [main] DEBUG api.test.UserTests - debugging
00:58:01.707 [main] INFO  api.test.UserTests - ******** User info is displayed *********
00:58:01.711 [main] INFO  api.test.UserTests - ******** Updating user info *********
00:58:01.712 [main] DEBUG api.test.UserTests - debugging
00:58:04.445 [main] INFO  api.test.UserTests - ******** user is upadted *********
00:58:04.452 [main] INFO  api.test.UserTests - ******** Deleting user info *********
00:58:04.452 [main] DEBUG api.test.UserTests - debugging
00:58:05.610 [main] INFO  api.test.UserTests - ******** user is deleted *********
01:09:02.637 [main] INFO  api.test.UserTests2 - ******** Creating user *********
01:09:02.644 [main] DEBUG api.test.UserTests2 - debugging
01:09:07.983 [main] INFO  api.test.UserTests2 - ******** User is created *********
01:09:08.011 [main] INFO  api.test.UserTests2 - ******** Reading user info *********
01:09:08.012 [main] DEBUG api.test.UserTests2 - debugging
01:09:09.368 [main] INFO  api.test.UserTests2 - ******** User info is displayed *********
01:09:09.377 [main] INFO  api.test.UserTests2 - ******** Updating user info *********
01:09:09.378 [main] DEBUG api.test.UserTests2 - debugging
01:09:12.045 [main] INFO  api.test.UserTests2 - ******** user is updated *********
01:09:12.055 [main] INFO  api.test.UserTests2 - ******** Deleting user info *********
01:09:12.060 [main] DEBUG api.test.UserTests2 - debugging
01:09:13.158 [main] INFO  api.test.UserTests2 - ******** user is deleted *********
01:23:43.322 [main] INFO  api.test.UserTests2 - ******** Creating user *********
01:23:43.336 [main] DEBUG api.test.UserTests2 - debugging
01:23:48.430 [main] INFO  api.test.UserTests2 - ******** User is created *********
01:23:48.453 [main] INFO  api.test.UserTests2 - ******** Reading user info *********
01:23:48.453 [main] DEBUG api.test.UserTests2 - debugging
01:23:49.828 [main] INFO  api.test.UserTests2 - ******** User info is displayed *********
01:23:49.834 [main] INFO  api.test.UserTests2 - ******** Updating user info *********
01:23:49.834 [main] DEBUG api.test.UserTests2 - debugging
01:23:52.972 [main] INFO  api.test.UserTests2 - ******** user is updated *********
01:23:52.981 [main] INFO  api.test.UserTests2 - ******** Deleting user info *********
01:23:52.982 [main] DEBUG api.test.UserTests2 - debugging
01:23:54.228 [main] INFO  api.test.UserTests2 - ******** user is deleted *********
19:01:30.872 [main] INFO  api.test.UserTests2 - ******** Creating user *********
19:01:30.879 [main] DEBUG api.test.UserTests2 - debugging
19:01:36.595 [main] INFO  api.test.UserTests2 - ******** User is created *********
19:01:36.615 [main] INFO  api.test.UserTests2 - ******** Reading user info *********
19:01:36.615 [main] DEBUG api.test.UserTests2 - debugging
19:01:37.916 [main] INFO  api.test.UserTests2 - ******** User info is displayed *********
19:01:37.926 [main] INFO  api.test.UserTests2 - ******** Updating user info *********
19:01:37.927 [main] DEBUG api.test.UserTests2 - debugging
19:01:40.470 [main] INFO  api.test.UserTests2 - ******** user is updated *********
19:01:40.480 [main] INFO  api.test.UserTests2 - ******** Deleting user info *********
19:01:40.482 [main] DEBUG api.test.UserTests2 - debugging
19:01:41.673 [main] INFO  api.test.UserTests2 - ******** user is deleted *********
